[sites.google.com/a/eng.ucsd.edu/arduino-ac-workshop/index.html]
[backblue.gif]
[fade.gif]
[index.html]
[ssl.gstatic.com/sites/p/dc264e/system/app/images/apple-touch-icon.png]
[ssl.gstatic.com/sites/p/dc264e/system/app/images/cleardot.gif]
[ssl.gstatic.com/sites/p/dc264e/system/js/trog_edit__en.js]
[sites.google.com/a/eng.ucsd.edu/arduino-ac-workshop/introduction.html]
[sites.google.com/a/eng.ucsd.edu/arduino-ac-workshop/what-is-arduino.html]
[sites.google.com/a/eng.ucsd.edu/arduino-ac-workshop/breadboard.html]
[sites.google.com/a/eng.ucsd.edu/arduino-ac-workshop/resistors.html]
[sites.google.com/a/eng.ucsd.edu/arduino-ac-workshop/tutorials.html]
[sites.google.com/a/eng.ucsd.edu/arduino-ac-workshop/tutorials/led.html]
[sites.google.com/a/eng.ucsd.edu/arduino-ac-workshop/tutorials/led-fade.html]
[sites.google.com/a/eng.ucsd.edu/arduino-ac-workshop/tutorials/button.html]
[sites.google.com/a/eng.ucsd.edu/arduino-ac-workshop/tutorials/serialforwarder.html]
[sites.google.com/a/eng.ucsd.edu/arduino-ac-workshop/tutorials/photocell.html]
[sites.google.com/a/eng.ucsd.edu/arduino-ac-workshop/advanced-tutorials.html]
[sites.google.com/a/eng.ucsd.edu/arduino-ac-workshop/advanced-tutorials/button-version-2.html]
[sites.google.com/a/eng.ucsd.edu/arduino-ac-workshop/advanced-tutorials/servo.html]
[sites.google.com/a/eng.ucsd.edu/arduino-ac-workshop/advanced-tutorials/buzzer.html]
[sites.google.com/a/eng.ucsd.edu/arduino-ac-workshop/advanced-tutorials/potentiometer.html]
[sites.google.com/a/eng.ucsd.edu/arduino-ac-workshop/advanced-tutorials/distance-sensor.html]
[sites.google.com/a/eng.ucsd.edu/arduino-ac-workshop/advanced-tutorials/motor.html]
[sites.google.com/a/eng.ucsd.edu/arduino-ac-workshop/advanced-tutorials/bluetooth.html]
[sites.google.com/a/eng.ucsd.edu/arduino-ac-workshop/advanced-tutorials/appinventor.html]
[sites.google.com/a/eng.ucsd.edu/arduino-ac-workshop/system/app/pages/recentChanges.html]
[sites.google.com/a/eng.ucsd.edu/arduino-ac-workshop/system/app/pages/reportAbuse.html]
[ssl.gstatic.com/sites/p/dc264e/system/js/jot_min_view__en.js]
[sites.google.com/a/eng.ucsd.edu/arduino-ac-workshop/_/tz.20.delayed]
[sites.google.com/a/eng.ucsd.edu/arduino-ac-workshop/index.html]
[ssl.gstatic.com/sites/p/dc264e/system/app/css/codemirror_css.css]
[ssl.gstatic.com/editor/bubble2_tr.gif]
[ssl.gstatic.com/sites/p/dc264e/system/app/css/trogedit.css]
[sites.google.com/a/eng.ucsd.edu/arduino-ac-workshop/_/rsrc/1597098552000/system/app/images/toolbar-check.gif]
[sites.google.com/a/eng.ucsd.edu/arduino-ac-workshop/_/rsrc/1597098552000/system/app/images/icon-help-kennedy.png]
[sites.google.com/site/sites/system/app/images/icon_plusone.24.delayed]
[accounts.google.com/ServiceLoginc521.html]
[sites.google.com/site/sites/system/app/images/plusbadge.26.delayed]
[accounts.google.com/ServiceLogin263a.html]
[ssl.gstatic.com/images/icons/gplus-64.png]
[ssl.gstatic.com/images/icons/gplus-32.png]
[ssl.gstatic.com/images/icons/gplus-16.png]
[sites.google.com/a/eng.ucsd.edu/arduino-ac-workshop/_/rsrc/1597098552000/system/app/css/editor.css]
[ssl.gstatic.com/sites/p/dc264e/system/app/css/codeeditor.css]
[ssl.gstatic.com/ui/v1/menu/checkmark-partial.png]
[ssl.gstatic.com/sites/p/dc264e/system/app/themes/simplywhite/standard-css-simplywhite-ltr-ltr.css]
[sites.google.com/a/eng.ucsd.edu/arduino-ac-workshop/_/rsrc/1526109900894/config/background2-crop.jpg.1516432261423.jpg]
[sites.google.com/a/eng.ucsd.edu/arduino-ac-workshop/_/rsrc/1597098552000/system/app/css/overlay597f.css]
[sites.google.com/a/eng.ucsd.edu/arduino-ac-workshop/_/rsrc/1597098552000/system/app/images/camelot.png]
[sites.google.com/a/eng.ucsd.edu/arduino-ac-workshop/_/rsrc/1597098552000/system/app/css/camelot/allthemes-view.css]
[sites.google.com/a/eng.ucsd.edu/arduino-ac-workshop/introduction.html]
[sites.google.com/a/eng.ucsd.edu/arduino-ac-workshop/what-is-arduino.html]
[sites.google.com/a/eng.ucsd.edu/arduino-ac-workshop/home_.html]
[sites.google.com/a/eng.ucsd.edu/arduino-ac-workshop/breadboard/breadboardconnected.2f6fb5.delayed]
[6b622cd8-a-d06fb7e1-s-sites.googlegroups.com/a/eng.ucsd.edu/arduino-ac-workshop/breadboard/breadboardconnected57f3.jpg]
[sites.google.com/a/eng.ucsd.edu/arduino-ac-workshop/_/rsrc/1526109900871/breadboard/breadboardconnectedd56f.jpg]
[sites.google.com/a/eng.ucsd.edu/arduino-ac-workshop/breadboard/518c0b34ce395fea62000002.326fb5.delayed]
[6b622cd8-a-d06fb7e1-s-sites.googlegroups.com/a/eng.ucsd.edu/arduino-ac-workshop/breadboard/518c0b34ce395fea62000002249b.jpg]
[sites.google.com/a/eng.ucsd.edu/arduino-ac-workshop/_/rsrc/1526109900871/breadboard/518c0b34ce395fea62000002.jpg]
[sites.google.com/a/eng.ucsd.edu/arduino-ac-workshop/breadboard/LED_schematic_uno_bb2.356fb5.delayed]
[6b622cd8-a-d06fb7e1-s-sites.googlegroups.com/a/eng.ucsd.edu/arduino-ac-workshop/breadboard/LED_schematic_uno_bb2bb9e.png]
[sites.google.com/a/eng.ucsd.edu/arduino-ac-workshop/_/rsrc/1526109900871/breadboard/LED_schematic_uno_bb2a7d9.png]
[sites.google.com/a/eng.ucsd.edu/arduino-ac-workshop/breadboard/LED_fullboard_uno2b_bb.386fb5.delayed]
[6b622cd8-a-d06fb7e1-s-sites.googlegroups.com/a/eng.ucsd.edu/arduino-ac-workshop/breadboard/LED_fullboard_uno2b_bb32ae.png]
[sites.google.com/a/eng.ucsd.edu/arduino-ac-workshop/_/rsrc/1526109900871/breadboard/LED_fullboard_uno2b_bb.png]
[sites.google.com/a/eng.ucsd.edu/arduino-ac-workshop/breadboard.html]
[sites.google.com/a/eng.ucsd.edu/arduino-ac-workshop/resistors/22-k-resistor-color-code-5-band-colour-infinite-drawing-but.3b6fb5.delayed]
[6b622cd8-a-d06fb7e1-s-sites.googlegroups.com/a/eng.ucsd.edu/arduino-ac-workshop/resistors/22-k-resistor-color-code-5-band-colour-infinite-drawing-bute93a.gif]
[sites.google.com/a/eng.ucsd.edu/arduino-ac-workshop/_/rsrc/1526109901279/resistors/22-k-resistor-color-code-5-band-colour-infinite-drawing-but.gif]
[sites.google.com/a/eng.ucsd.edu/arduino-ac-workshop/resistors/220.3e6fb5.delayed]
[6b622cd8-a-d06fb7e1-s-sites.googlegroups.com/a/eng.ucsd.edu/arduino-ac-workshop/resistors/2201fc5.jpg]
[sites.google.com/a/eng.ucsd.edu/arduino-ac-workshop/_/rsrc/1526109901279/resistors/220f852.jpg]
[sites.google.com/a/eng.ucsd.edu/arduino-ac-workshop/resistors/1k.416fb5.delayed]
[6b622cd8-a-d06fb7e1-s-sites.googlegroups.com/a/eng.ucsd.edu/arduino-ac-workshop/resistors/1k9ecf.jpg]
[sites.google.com/a/eng.ucsd.edu/arduino-ac-workshop/_/rsrc/1526109901279/resistors/1kf852.jpg]
[sites.google.com/a/eng.ucsd.edu/arduino-ac-workshop/resistors/10k.446fb5.delayed]
[6b622cd8-a-d06fb7e1-s-sites.googlegroups.com/a/eng.ucsd.edu/arduino-ac-workshop/resistors/10k5bfd.jpg]
[sites.google.com/a/eng.ucsd.edu/arduino-ac-workshop/_/rsrc/1526109901279/resistors/10kf852.jpg]
[sites.google.com/a/eng.ucsd.edu/arduino-ac-workshop/resistors/100k.476fb5.delayed]
[6b622cd8-a-d06fb7e1-s-sites.googlegroups.com/a/eng.ucsd.edu/arduino-ac-workshop/resistors/100k5950.jpg]
[sites.google.com/a/eng.ucsd.edu/arduino-ac-workshop/_/rsrc/1526109901279/resistors/100kf852.jpg]
[sites.google.com/a/eng.ucsd.edu/arduino-ac-workshop/resistors.html]
[sites.google.com/a/eng.ucsd.edu/arduino-ac-workshop/tutorials.html]
[sites.google.com/a/eng.ucsd.edu/arduino-ac-workshop/tutorials/led/led-blink---discussion.html]
[sites.google.com/a/eng.ucsd.edu/arduino-ac-workshop/tutorials/led/resistors.4b6fb5.delayed]
[6b622cd8-a-d06fb7e1-s-sites.googlegroups.com/a/eng.ucsd.edu/arduino-ac-workshop/tutorials/led/resistors45a9.jpg]
[sites.google.com/a/eng.ucsd.edu/arduino-ac-workshop/_/rsrc/1526109901731/tutorials/led/r220_s.jpg]
[sites.google.com/a/eng.ucsd.edu/arduino-ac-workshop/workshop2_led13_board_bb.4ec1df.delayed]
[6b622cd8-a-d06fb7e1-s-sites.googlegroups.com/a/eng.ucsd.edu/arduino-ac-workshop/workshop2_led13_board_bbd9d2.jpg]
[sites.google.com/a/eng.ucsd.edu/arduino-ac-workshop/_/rsrc/1526109901730/tutorials/led/icon_led.jpg]
[sites.google.com/a/eng.ucsd.edu/arduino-ac-workshop/tutorials/led/LED_schematic_uno_bb2.516fb5.delayed]
[6b622cd8-a-d06fb7e1-s-sites.googlegroups.com/a/eng.ucsd.edu/arduino-ac-workshop/tutorials/led/LED_schematic_uno_bb2c530.png]
[sites.google.com/a/eng.ucsd.edu/arduino-ac-workshop/_/rsrc/1526109901730/tutorials/led/LED_schematic_uno_bb2a7d9.png]
[sites.google.com/a/eng.ucsd.edu/arduino-ac-workshop/tutorials/led/Tutorial_LED.546fb5.delayed]
[6b622cd8-a-d06fb7e1-s-sites.googlegroups.com/a/eng.ucsd.edu/arduino-ac-workshop/tutorials/led/Tutorial_LEDbbc6.jpg]
[sites.google.com/a/eng.ucsd.edu/arduino-ac-workshop/tutorials/led.html]
[sites.google.com/a/eng.ucsd.edu/arduino-ac-workshop/tutorials/led-fade/led-fade---discussion.html]
[sites.google.com/a/eng.ucsd.edu/arduino-ac-workshop/_/rsrc/1526109901730/tutorials/led-fade/r220_s.jpg]
[sites.google.com/a/eng.ucsd.edu/arduino-ac-workshop/workshop2_led_board_bb.581949.delayed]
[6b622cd8-a-d06fb7e1-s-sites.googlegroups.com/a/eng.ucsd.edu/arduino-ac-workshop/workshop2_led_board_bb944f.jpg]
[sites.google.com/a/eng.ucsd.edu/arduino-ac-workshop/_/rsrc/1526109901728/tutorials/led-fade/icon_led.jpg]
[sites.google.com/a/eng.ucsd.edu/arduino-ac-workshop/tutorials/led-fade/LED_schematic_uno_bb.5b6fb5.delayed]
[6b622cd8-a-d06fb7e1-s-sites.googlegroups.com/a/eng.ucsd.edu/arduino-ac-workshop/tutorials/led-fade/LED_schematic_uno_bbeab2.png]
[sites.google.com/a/eng.ucsd.edu/arduino-ac-workshop/_/rsrc/1526109901728/tutorials/led-fade/LED_schematic_uno_bb81da.png]
[sites.google.com/a/eng.ucsd.edu/arduino-ac-workshop/tutorials/led-fade.html]
[sites.google.com/a/eng.ucsd.edu/arduino-ac-workshop/tutorials/button/button---discussion.html]
[sites.google.com/a/eng.ucsd.edu/arduino-ac-workshop/_/rsrc/1526109901728/tutorials/button/r10k_s.jpg]
[sites.google.com/a/eng.ucsd.edu/arduino-ac-workshop/workshop2_button_board_bb.6056c2.delayed]
[6b622cd8-a-d06fb7e1-s-sites.googlegroups.com/a/eng.ucsd.edu/arduino-ac-workshop/workshop2_button_board_bb80d3.jpg]
[sites.google.com/a/eng.ucsd.edu/arduino-ac-workshop/_/rsrc/1526109901728/tutorials/button/icon_button.jpg]
[sites.google.com/a/eng.ucsd.edu/arduino-ac-workshop/tutorials/button/Tutorial_PushButton1_uno_bb2.636fb5.delayed]
[6b622cd8-a-d06fb7e1-s-sites.googlegroups.com/a/eng.ucsd.edu/arduino-ac-workshop/tutorials/button/Tutorial_PushButton1_uno_bb2eb56.png]
[sites.google.com/a/eng.ucsd.edu/arduino-ac-workshop/tutorials/button/LED_schematic_uno_bb.656fb5.delayed]
[6b622cd8-a-d06fb7e1-s-sites.googlegroups.com/a/eng.ucsd.edu/arduino-ac-workshop/tutorials/button/LED_schematic_uno_bb66dd.png]
[sites.google.com/a/eng.ucsd.edu/arduino-ac-workshop/_/rsrc/1526109901727/tutorials/button/LED_schematic_uno_bb81da.png]
[sites.google.com/a/eng.ucsd.edu/arduino-ac-workshop/_/rsrc/1526109901727/tutorials/button/Tutorial_PushButton1_uno_bb20cef.png]
[sites.google.com/a/eng.ucsd.edu/arduino-ac-workshop/tutorials/button.html]
[sites.google.com/a/eng.ucsd.edu/arduino-ac-workshop/tutorials/serialforwarder/serialforwarder---discussion.html]
[sites.google.com/a/eng.ucsd.edu/arduino-ac-workshop/_/rsrc/1526109902077/tutorials/serialforwarder/r10k_s.jpg]
[sites.google.com/a/eng.ucsd.edu/arduino-ac-workshop/tutorials/serialforwarder/Tutorial_PushButton1_uno_bb2.6b6fb5.delayed]
[6b622cd8-a-d06fb7e1-s-sites.googlegroups.com/a/eng.ucsd.edu/arduino-ac-workshop/tutorials/serialforwarder/Tutorial_PushButton1_uno_bb24263.png]
[sites.google.com/a/eng.ucsd.edu/arduino-ac-workshop/_/rsrc/1526109902077/tutorials/serialforwarder/Tutorial_PushButton1_uno_bb20cef.png]
[sites.google.com/a/eng.ucsd.edu/arduino-ac-workshop/tutorials/serialforwarder.html]
[sites.google.com/a/eng.ucsd.edu/arduino-ac-workshop/tutorials/photocell/photocell---discussion.html]
[sites.google.com/a/eng.ucsd.edu/arduino-ac-workshop/_/rsrc/1526109902071/tutorials/photocell/r1k_s.jpg]
[sites.google.com/a/eng.ucsd.edu/arduino-ac-workshop/workshop2_photocell_board_bb.70b1cd.delayed]
[6b622cd8-a-d06fb7e1-s-sites.googlegroups.com/a/eng.ucsd.edu/arduino-ac-workshop/workshop2_photocell_board_bb13bc.jpg]
[sites.google.com/a/eng.ucsd.edu/arduino-ac-workshop/workshop2_all2_board_bb.721fdf.delayed]
[6b622cd8-a-d06fb7e1-s-sites.googlegroups.com/a/eng.ucsd.edu/arduino-ac-workshop/workshop2_all2_board_bb1f25.jpg]
[sites.google.com/a/eng.ucsd.edu/arduino-ac-workshop/_/rsrc/1526109902069/tutorials/photocell/icon_all.jpg]
[sites.google.com/a/eng.ucsd.edu/arduino-ac-workshop/tutorials/photocell/Tutorial_Photocell_uno_bb.756fb5.delayed]
[6b622cd8-a-d06fb7e1-s-sites.googlegroups.com/a/eng.ucsd.edu/arduino-ac-workshop/tutorials/photocell/Tutorial_Photocell_uno_bb300b.png]
[sites.google.com/a/eng.ucsd.edu/arduino-ac-workshop/tutorials/photocell/LED_schematic_uno_bb.776fb5.delayed]
[6b622cd8-a-d06fb7e1-s-sites.googlegroups.com/a/eng.ucsd.edu/arduino-ac-workshop/tutorials/photocell/LED_schematic_uno_bb3117.png]
[sites.google.com/a/eng.ucsd.edu/arduino-ac-workshop/_/rsrc/1526109902069/tutorials/photocell/LED_schematic_uno_bb81da.png]
[sites.google.com/a/eng.ucsd.edu/arduino-ac-workshop/tutorials/photocell/Tutorial_PushButton1_uno_bb2.7a6fb5.delayed]
[6b622cd8-a-d06fb7e1-s-sites.googlegroups.com/a/eng.ucsd.edu/arduino-ac-workshop/tutorials/photocell/Tutorial_PushButton1_uno_bb2ab41.png]
[sites.google.com/a/eng.ucsd.edu/arduino-ac-workshop/_/rsrc/1526109902069/tutorials/photocell/Tutorial_PushButton1_uno_bb20cef.png]
[sites.google.com/a/eng.ucsd.edu/arduino-ac-workshop/_/rsrc/1526109902069/tutorials/photocell/Tutorial_Photocell_uno_bb61e6.png]
[sites.google.com/a/eng.ucsd.edu/arduino-ac-workshop/tutorials/photocell.html]
[sites.google.com/a/eng.ucsd.edu/arduino-ac-workshop/advanced-tutorials.html]
[sites.google.com/a/eng.ucsd.edu/arduino-ac-workshop/advanced-tutorials/button-version-2/Tutorial_PushButton2b_bb.7e6fb5.delayed]
[6b622cd8-a-d06fb7e1-s-sites.googlegroups.com/a/eng.ucsd.edu/arduino-ac-workshop/advanced-tutorials/button-version-2/Tutorial_PushButton2b_bbdaeb.png]
[sites.google.com/a/eng.ucsd.edu/arduino-ac-workshop/_/rsrc/1526109901319/advanced-tutorials/button-version-2/Tutorial_PushButton2b_bba29e.png]
[sites.google.com/a/eng.ucsd.edu/arduino-ac-workshop/advanced-tutorials/button-version-2.html]
[sites.google.com/a/eng.ucsd.edu/arduino-ac-workshop/advanced-tutorials/servo---high-power.html]
[sites.google.com/a/eng.ucsd.edu/arduino-ac-workshop/advanced-tutorials/servo/9V.826fb5.delayed]
[6b622cd8-a-d06fb7e1-s-sites.googlegroups.com/a/eng.ucsd.edu/arduino-ac-workshop/advanced-tutorials/servo/9V4bda.png]
[sites.google.com/a/eng.ucsd.edu/arduino-ac-workshop/advanced-tutorials/servo/Tutorial_Servo1.846fb5.delayed]
[6b622cd8-a-d06fb7e1-s-sites.googlegroups.com/a/eng.ucsd.edu/arduino-ac-workshop/advanced-tutorials/servo/Tutorial_Servo14b46.jpg]
[sites.google.com/a/eng.ucsd.edu/arduino-ac-workshop/_/rsrc/1526109901320/advanced-tutorials/servo/Tutorial_Servo11cd9.jpg]
[sites.google.com/a/eng.ucsd.edu/arduino-ac-workshop/advanced-tutorials/servo.html]
[sites.google.com/a/eng.ucsd.edu/arduino-ac-workshop/advanced-tutorials/buzzer/buzzer.876fb5.delayed]
[6b622cd8-a-d06fb7e1-s-sites.googlegroups.com/a/eng.ucsd.edu/arduino-ac-workshop/advanced-tutorials/buzzer/buzzer8168.jpg]
[sites.google.com/a/eng.ucsd.edu/arduino-ac-workshop/_/rsrc/1526112188972/advanced-tutorials/buzzer/buzzer.jpg]
[sites.google.com/a/eng.ucsd.edu/arduino-ac-workshop/advanced-tutorials/buzzer/Tutorial_Speaker3_uno_bb.8a6fb5.delayed]
[6b622cd8-a-d06fb7e1-s-sites.googlegroups.com/a/eng.ucsd.edu/arduino-ac-workshop/advanced-tutorials/buzzer/Tutorial_Speaker3_uno_bb7ed9.png]
[sites.google.com/a/eng.ucsd.edu/arduino-ac-workshop/_/rsrc/1526112083710/advanced-tutorials/buzzer/Tutorial_Speaker3_uno_bb4c9a.png]
[sites.google.com/a/eng.ucsd.edu/arduino-ac-workshop/advanced-tutorials/buzzer.html]
[sites.google.com/a/eng.ucsd.edu/arduino-ac-workshop/advanced-tutorials/potentiometer/pot_labeled.8d6fb5.delayed]
[6b622cd8-a-d06fb7e1-s-sites.googlegroups.com/a/eng.ucsd.edu/arduino-ac-workshop/advanced-tutorials/potentiometer/pot_labeledb5b8.jpg]
[sites.google.com/a/eng.ucsd.edu/arduino-ac-workshop/_/rsrc/1526619602855/advanced-tutorials/potentiometer/pot_labeledcf35.jpg]
[sites.google.com/a/eng.ucsd.edu/arduino-ac-workshop/_/rsrc/1526109901684/advanced-tutorials/trimpot/TrimpotResistors6b2a.jpg]
[sites.google.com/a/eng.ucsd.edu/arduino-ac-workshop/advanced-tutorials/potentiometer/Tutorial_Potentiometer_uno_bb.916fb5.delayed]
[6b622cd8-a-d06fb7e1-s-sites.googlegroups.com/a/eng.ucsd.edu/arduino-ac-workshop/advanced-tutorials/potentiometer/Tutorial_Potentiometer_uno_bb2d16.png]
[sites.google.com/a/eng.ucsd.edu/arduino-ac-workshop/_/rsrc/1526619992435/advanced-tutorials/potentiometer/Tutorial_Potentiometer_uno_bbc43e.png]
[sites.google.com/a/eng.ucsd.edu/arduino-ac-workshop/advanced-tutorials/potentiometer.html]
[sites.google.com/a/eng.ucsd.edu/arduino-ac-workshop/advanced-tutorials/distance-sensor/index2.946fb5.delayed]
[6b622cd8-a-d06fb7e1-s-sites.googlegroups.com/a/eng.ucsd.edu/arduino-ac-workshop/advanced-tutorials/distance-sensor/index2f14b.jpg]
[sites.google.com/a/eng.ucsd.edu/arduino-ac-workshop/_/rsrc/1526109901319/advanced-tutorials/distance-sensor/index2f852.jpg]
[sites.google.com/a/eng.ucsd.edu/arduino-ac-workshop/advanced-tutorials/distance-sensor/Tutorial_Ultrasound_uno_bb.976fb5.delayed]
[6b622cd8-a-d06fb7e1-s-sites.googlegroups.com/a/eng.ucsd.edu/arduino-ac-workshop/advanced-tutorials/distance-sensor/Tutorial_Ultrasound_uno_bbb1a1.png]
[sites.google.com/a/eng.ucsd.edu/arduino-ac-workshop/_/rsrc/1526569612519/advanced-tutorials/distance-sensor/Tutorial_Ultrasound_uno_bb3c82.png]
[sites.google.com/a/eng.ucsd.edu/arduino-ac-workshop/advanced-tutorials/distance-sensor.html]
[sites.google.com/a/eng.ucsd.edu/arduino-ac-workshop/advanced-tutorials/motor/Tutorial_MotorNoDriver_3AA_uno_bb.9a6fb5.delayed]
[6b622cd8-a-d06fb7e1-s-sites.googlegroups.com/a/eng.ucsd.edu/arduino-ac-workshop/advanced-tutorials/motor/Tutorial_MotorNoDriver_3AA_uno_bbfe2f.png]
[sites.google.com/a/eng.ucsd.edu/arduino-ac-workshop/_/rsrc/1526623245212/advanced-tutorials/motor/Tutorial_MotorNoDriver_3AA_uno_bb.png]
[sites.google.com/a/eng.ucsd.edu/arduino-ac-workshop/advanced-tutorials/motor/Tutorial_Motor.9d6fb5.delayed]
[6b622cd8-a-d06fb7e1-s-sites.googlegroups.com/a/eng.ucsd.edu/arduino-ac-workshop/advanced-tutorials/motor/Tutorial_Motor867c.jpg]
[sites.google.com/a/eng.ucsd.edu/arduino-ac-workshop/advanced-tutorials/motor.html]
[sites.google.com/a/eng.ucsd.edu/arduino-ac-workshop/advanced-tutorials/bluetooth/61E-UJSdZBL._SL1000_.9f6fb5.delayed]
[6b622cd8-a-d06fb7e1-s-sites.googlegroups.com/a/eng.ucsd.edu/arduino-ac-workshop/advanced-tutorials/bluetooth/61E-UJSdZBL._SL1000_e0db.jpg]
[sites.google.com/a/eng.ucsd.edu/arduino-ac-workshop/_/rsrc/1526109901319/advanced-tutorials/bluetooth/61E-UJSdZBL._SL1000_cd50.jpg]
[sites.google.com/a/eng.ucsd.edu/arduino-ac-workshop/advanced-tutorials/bluetooth/BT_Bidir.a26fb5.delayed]
[6b622cd8-a-d06fb7e1-s-sites.googlegroups.com/a/eng.ucsd.edu/arduino-ac-workshop/advanced-tutorials/bluetooth/BT_Bidirff23.png]
[sites.google.com/a/eng.ucsd.edu/arduino-ac-workshop/_/rsrc/1526109901319/advanced-tutorials/bluetooth/BT_Bidir2fba.png]
[sites.google.com/a/eng.ucsd.edu/arduino-ac-workshop/advanced-tutorials/bluetooth/BT_remote.a56fb5.delayed]
[6b622cd8-a-d06fb7e1-s-sites.googlegroups.com/a/eng.ucsd.edu/arduino-ac-workshop/advanced-tutorials/bluetooth/BT_remote49fb.png]
[sites.google.com/a/eng.ucsd.edu/arduino-ac-workshop/_/rsrc/1526109901319/advanced-tutorials/bluetooth/BT_remote2fba.png]
[sites.google.com/a/eng.ucsd.edu/arduino-ac-workshop/advanced-tutorials/bluetooth/BT_schematic_uno_bb.a86fb5.delayed]
[6b622cd8-a-d06fb7e1-s-sites.googlegroups.com/a/eng.ucsd.edu/arduino-ac-workshop/advanced-tutorials/bluetooth/BT_schematic_uno_bb9bc1.png]
[sites.google.com/a/eng.ucsd.edu/arduino-ac-workshop/_/rsrc/1526109901319/advanced-tutorials/bluetooth/BT_schematic_uno_bbf07d.png]
[sites.google.com/a/eng.ucsd.edu/arduino-ac-workshop/Tutorial_BT_Remote.ab9a1b.delayed]
[sites.google.com/a/eng.ucsd.edu/arduino-ac-workshop/Tutorial_BT_BiDir.ac9a1b.delayed]
[sites.google.com/a/eng.ucsd.edu/arduino-ac-workshop/advanced-tutorials/bluetooth/Tutorial_Photocell_uno_bb.ad6fb5.delayed]
[6b622cd8-a-d06fb7e1-s-sites.googlegroups.com/a/eng.ucsd.edu/arduino-ac-workshop/advanced-tutorials/bluetooth/Tutorial_Photocell_uno_bb2bf0.png]
[sites.google.com/a/eng.ucsd.edu/arduino-ac-workshop/_/rsrc/1526109901319/advanced-tutorials/bluetooth/Tutorial_Photocell_uno_bba9f8.png]
[sites.google.com/a/eng.ucsd.edu/arduino-ac-workshop/advanced-tutorials/bluetooth.html]
[sites.google.com/a/eng.ucsd.edu/arduino-ac-workshop/advanced-tutorials/appinventor/AppInventor.b06fb5.delayed]
[6b622cd8-a-d06fb7e1-s-sites.googlegroups.com/a/eng.ucsd.edu/arduino-ac-workshop/advanced-tutorials/appinventor/AppInventoradc6.png]
[sites.google.com/a/eng.ucsd.edu/arduino-ac-workshop/_/rsrc/1526109901319/advanced-tutorials/appinventor/AppInventor.png]
[sites.google.com/a/eng.ucsd.edu/arduino-ac-workshop/Tutorial_BT_Remote.b39a1b.delayed]
[sites.google.com/a/eng.ucsd.edu/arduino-ac-workshop/Tutorial_BT_BiDir.b49a1b.delayed]
[sites.google.com/a/eng.ucsd.edu/arduino-ac-workshop/advanced-tutorials/appinventor.html]
[sites.google.com/a/eng.ucsd.edu/arduino-ac-workshop/activity.xml]
[sites.google.com/a/eng.ucsd.edu/arduino-ac-workshop/system.html]
[sites.google.com/a/eng.ucsd.edu/arduino-ac-workshop/system/app.html]
[sites.google.com/a/eng.ucsd.edu/arduino-ac-workshop/system/app/pages.html]
[sites.google.com/a/eng.ucsd.edu/arduino-ac-workshop/advanced-tutorials/potentiometer/pot.b96fb5.delayed]
[6b622cd8-a-d06fb7e1-s-sites.googlegroups.com/a/eng.ucsd.edu/arduino-ac-workshop/advanced-tutorials/potentiometer/pot8ef9.jpg]
[sites.google.com/a/eng.ucsd.edu/arduino-ac-workshop/advanced-tutorials/buzzer/piezo-buzzer-b-10n-piezo-electric-buzzers-rm0338-by-robomart-399-500x500.bb6fb5.delayed]
[sites.google.com/a/eng.ucsd.edu/arduino-ac-workshop/system/app/pages/recentChanges.html]
[ssl.gstatic.com/sites/p/dc264e/system/js/jot_min__en.js]
[6b622cd8-a-d06fb7e1-s-sites.googlegroups.com/a/eng.ucsd.edu/arduino-ac-workshop/advanced-tutorials/buzzer/piezo-buzzer-b-10n-piezo-electric-buzzers-rm0338-by-robomart-399-500x500.bc31b2.delay]
[sites.google.com/a/eng.ucsd.edu/arduino-ac-workshop/system/app/pages/reportAbuse.html]
[sites.google.com/a/eng.ucsd.edu/arduino-ac-workshop/_/tz.html]
[ssl.gstatic.com/ui/v1/menu/checkmark.png]
[ssl.gstatic.com/accounts/ui/logo_1x.png]
[ssl.gstatic.com/images/branding/googlelogo/1x/googlelogo_color_112x36dp.png]
[ssl.gstatic.com/accounts/ui/logo_2x.png]
[ssl.gstatic.com/images/branding/googlelogo/2x/googlelogo_color_112x36dp.png]
[ssl.gstatic.com/accounts/ui/wlogostrip_230x17_1x.png]
[ssl.gstatic.com/accounts/ui/wlogostrip_230x17_2x.png]
[ssl.gstatic.com/ui/v1/icons/common/x_8px.png]
[ssl.gstatic.com/accounts/ui/avatar_2x.png]
[accounts.google.com/signin/usernamerecovery8bca.html]
[accounts.google.com/AccountChooser.ca4956.delayed]
[accounts.google.com/ServiceLogin1b79.html]
[accounts.google.com/SignUp04df.html]
[accounts.google.com/TOS.cd07dc.delayed]
[accounts.google.com/TOS.cec479.delayed]
[ssl.gstatic.com/images/icons/ui/common/universal_language_settings-21.png]
[accounts.google.com/POST.d0.delayed]
[accounts.google.com/GET.d1.delayed]
[accounts.google.com/ServiceLoginc521.html]
[accounts.google.com/signin/usernamerecovery2810.html]
[accounts.google.com/AccountChooser.d3cbb6.delayed]
[accounts.google.com/ServiceLogina84b.html]
[accounts.google.com/ServiceLogin263a.html]
[sites.google.com/a/eng.ucsd.edu/arduino-ac-workshop/home_.html]
[sites.google.com/a/eng.ucsd.edu/arduino-ac-workshop/tutorials/led/led-blink---discussion.html]
[sites.google.com/a/eng.ucsd.edu/arduino-ac-workshop/tutorials/led-fade/led-fade---discussion.html]
[sites.google.com/a/eng.ucsd.edu/arduino-ac-workshop/tutorials/button/button---discussion.html]
[sites.google.com/a/eng.ucsd.edu/arduino-ac-workshop/tutorials/serialforwarder/serialforwarder---discussion.html]
[sites.google.com/a/eng.ucsd.edu/arduino-ac-workshop/tutorials/photocell/photocell---discussion.html]
[accounts.google.com/SignUp1a4c.html]
[sites.google.com/a/eng.ucsd.edu/arduino-ac-workshop/advanced-tutorials/servo/Tutorial_Servo2.d86fb5.delayed]
[6b622cd8-a-d06fb7e1-s-sites.googlegroups.com/a/eng.ucsd.edu/arduino-ac-workshop/advanced-tutorials/servo/Tutorial_Servo2f610.jpg]
[sites.google.com/a/eng.ucsd.edu/arduino-ac-workshop/_/rsrc/1526109901320/advanced-tutorials/servo/Tutorial_Servo2.jpg]
[sites.google.com/a/eng.ucsd.edu/arduino-ac-workshop/advanced-tutorials/servo---high-power.html]
[sites.google.com/a/eng.ucsd.edu/arduino-ac-workshop/system.html]
[sites.google.com/a/eng.ucsd.edu/arduino-ac-workshop/system/app.html]
[sites.google.com/a/eng.ucsd.edu/arduino-ac-workshop/system/app/pages.html]
[sites.google.com/a/eng.ucsd.edu/arduino-ac-workshop/_/rsrc/1597098552000/system/app/images/spinner.gif]
[www.gstatic.com/images/branding/product/1x/atari_24dp.png]
[www.gstatic.com/images/branding/product/1x/sites_24dp.png]
[sites.google.com/a/eng.ucsd.edu/arduino-ac-workshop/_/rsrc/1597098552000/system/app/css/camelot/dashboard.css]
[sites.google.com/a/eng.ucsd.edu/arduino-ac-workshop/_/rsrc/1597098552000/system/app/css/camelot/error.css]
[accounts.google.com/signin/usernamerecovery8bca.html]
[accounts.google.com/AccountChooser.dfd7eb.delayed]
[accounts.google.com/ServiceLogin1b79.html]
[ssl.gstatic.com/ui/v1/dialog/close-x.png]
[accounts.google.com/SignUpfef7.html]
[ssl.gstatic.com/i18n/phonenumbers/phoneinputwidget/flags4.png]
[ssl.gstatic.com/ui/v1/disclosure/grey-disclosure-arrow-up-down.png]
[ssl.gstatic.com/i18n/phonenumbers/phoneinputwidget/phone-input-arrow.png]
[ssl.gstatic.com/accounts/ui/wlogostrip_325x24_1x.png]
[ssl.gstatic.com/accounts/signup/devices_1x.png]
[ssl.gstatic.com/accounts/ui/wlogostrip_325x24_2x.png]
[ssl.gstatic.com/accounts/signup/devices_2x.png]
[accounts.google.com/+/index.html]
[ssl.gstatic.com/accounts/ui/refresh_white.png]
[accounts.google.com/ServiceLogincaf7.html]
[accounts.google.com/SignUpWithoutGmail6655.html]
[accounts.google.com/signin/recovery5b7e.html]
[www.gstatic.com/images/icons/material/system/2x/keyboard_arrow_down_white_24dp.png]
[accounts.google.com/SignUp04df.html]
[accounts.google.com/POST.html]
[accounts.google.com/GET.html]
[accounts.google.com/signin/usernamerecovery2810.html]
[accounts.google.com/AccountChooser.f3d4c0.delayed]
[accounts.google.com/ServiceLogina84b.html]
[accounts.google.com/ServiceLogin7249.html]
[accounts.google.com/SignUpWithoutGmail8595.html]
[accounts.google.com/signin/recovery27cf.html]
[accounts.google.com/SignUp1a4c.html]
[docs.google.com/images/env.html]
[accounts.google.com/ServiceLogin6c4d.html]
[accounts.google.com/SignUpWithoutGmail2cab.html]
[accounts.google.com/signin/recoveryb407.html]
[accounts.google.com/SignUpfef7.html]
[accounts.google.com/+/index.html]
[accounts.google.com/AccountChooser.102caf7.delayed]
[accounts.google.com/ServiceLogincaf7.html]
[accounts.google.com/ServiceLogine518.html]
[accounts.google.com/SignUpWithoutGmailfef7.html]
[accounts.google.com/SignUpWithoutGmail6655.html]
[accounts.google.com/signin/recovery5b7e.html]
[accounts.google.com/SignUp6655.html]
[accounts.google.com/AccountChooser.10b7249.delayed]
[accounts.google.com/ServiceLogin7249.html]
[accounts.google.com/ServiceLogin0b8f.html]
[accounts.google.com/SignUpWithoutGmail8595.html]
[accounts.google.com/signin/recovery27cf.html]
[accounts.google.com/SignUp8595.html]
[accounts.google.com/signin/usernamerecoveryc5ad.html]
[accounts.google.com/AccountChooser.1146c4d.delayed]
[accounts.google.com/ServiceLoginb8f8.html]
[accounts.google.com/SignUpb407.html]
[accounts.google.com/ServiceLogin6c4d.html]
[accounts.google.com/SignUpWithoutGmail2cab.html]
[accounts.google.com/signin/recoveryb407.html]
[accounts.google.com/SignUp2cab.html]
[accounts.google.com/AccountChooser.11d511f.delayed]
[accounts.google.com/ServiceLogine518.html]
[accounts.google.com/ServiceLogin0d59.html]
[accounts.google.com/SignUp6eb5.html]
[accounts.google.com/SignUpWithoutGmailfef7.html]
[accounts.google.com/SignUp6655.html]
[accounts.google.com/AccountChooser.12866f6.delayed]
[accounts.google.com/ServiceLogin0b8f.html]
[accounts.google.com/SignUp8595.html]
[accounts.google.com/signin/usernamerecoveryc5ad.html]
[accounts.google.com/AccountChooser.12ecd16.delayed]
[accounts.google.com/ServiceLoginb8f8.html]
[accounts.google.com/ServiceLogin1bb1.html]
[accounts.google.com/SignUpb407.html]
[accounts.google.com/SignUp2cab.html]
[accounts.google.com/SignUpWithoutGmail8dd9.html]
[accounts.google.com/AccountChooser.1390d59.delayed]
[accounts.google.com/ServiceLogin0d59.html]
[accounts.google.com/SignUp6eb5.html]
[accounts.google.com/SignUpWithoutGmail6eb5.html]
[accounts.google.com/AccountChooser.1401bb1.delayed]
[accounts.google.com/ServiceLogin1bb1.html]
[accounts.google.com/SignUpWithoutGmail8dd9.html]
[accounts.google.com/SignUpWithoutGmail6eb5.html]
[accounts.google.com/SignUp8dd9.html]
[accounts.google.com/SignUp8dd9.html]
